{"contracts\\DEX.sol":{"l":{"49":75,"50":75,"52":75,"53":75,"61":27,"64":25,"65":25,"67":25,"69":23,"72":2,"76":2,"79":25,"82":25,"83":25,"86":25,"87":25,"89":25,"94":23,"95":22,"96":22,"97":22,"98":1594,"99":1594,"102":1,"112":6,"113":6,"115":5,"116":5,"118":5,"121":5,"122":5,"125":5,"126":5,"129":5,"130":5,"132":5,"141":13,"142":13,"144":13,"145":13,"146":13,"148":13,"157":11,"160":10,"162":10,"163":10,"166":10,"167":10,"170":10,"172":10,"181":3,"184":2,"186":2,"187":2,"190":2,"191":2,"194":2,"196":2,"200":6,"201":1,"203":5,"212":8,"213":8},"path":"D:\\prtnr\\dex-amm\\contracts\\DEX.sol","s":{"1":75,"2":75,"3":27,"4":25,"5":25,"6":25,"7":2,"8":25,"9":25,"10":23,"11":22,"12":22,"13":1,"14":6,"15":6,"16":5,"17":5,"18":5,"19":5,"20":13,"21":13,"22":13,"23":13,"24":13,"25":11,"26":10,"27":10,"28":10,"29":10,"30":3,"31":2,"32":2,"33":2,"34":2,"35":6,"36":1},"b":{"1":[75,0],"2":[75,0],"3":[27,0],"4":[25,2],"5":[23,2],"6":[2,0],"7":[25,0],"8":[22,1],"9":[1,0],"10":[6,0],"11":[6,0],"12":[5,1],"13":[5,0],"14":[13,0],"15":[13,0],"16":[11,0],"17":[10,1],"18":[10,0],"19":[3,0],"20":[2,1],"21":[2,0],"22":[1,5],"23":[1,0]},"f":{"1":75,"2":27,"3":23,"4":6,"5":13,"6":11,"7":3,"8":6,"9":8},"fnMap":{"1":{"name":"constructor","line":48,"loc":{"start":{"line":48,"column":4},"end":{"line":54,"column":4}}},"2":{"name":"addLiquidity","line":58,"loc":{"start":{"line":56,"column":4},"end":{"line":90,"column":0}}},"3":{"name":"_sqrt","line":93,"loc":{"start":{"line":93,"column":0},"end":{"line":104,"column":0}}},"4":{"name":"removeLiquidity","line":109,"loc":{"start":{"line":107,"column":0},"end":{"line":133,"column":0}}},"5":{"name":"getAmountOut","line":136,"loc":{"start":{"line":136,"column":0},"end":{"line":149,"column":0}}},"6":{"name":"swapAForB","line":154,"loc":{"start":{"line":152,"column":0},"end":{"line":173,"column":0}}},"7":{"name":"swapBForA","line":178,"loc":{"start":{"line":176,"column":0},"end":{"line":197,"column":0}}},"8":{"name":"getPrice","line":199,"loc":{"start":{"line":199,"column":0},"end":{"line":204,"column":0}}},"9":{"name":"getReserves","line":207,"loc":{"start":{"line":207,"column":0},"end":{"line":214,"column":0}}}},"statementMap":{"1":{"start":{"line":49,"column":8},"end":{"line":49,"column":87}},"2":{"start":{"line":50,"column":8},"end":{"line":50,"column":62}},"3":{"start":{"line":61,"column":4},"end":{"line":61,"column":53}},"4":{"start":{"line":64,"column":4},"end":{"line":64,"column":66}},"5":{"start":{"line":65,"column":4},"end":{"line":65,"column":66}},"6":{"start":{"line":67,"column":4},"end":{"line":67,"column":1845}},"7":{"start":{"line":72,"column":8},"end":{"line":72,"column":2015}},"8":{"start":{"line":79,"column":4},"end":{"line":79,"column":56}},"9":{"start":{"line":89,"column":4},"end":{"line":89,"column":70}},"10":{"start":{"line":94,"column":4},"end":{"line":94,"column":2605}},"11":{"start":{"line":96,"column":8},"end":{"line":96,"column":29}},"12":{"start":{"line":97,"column":8},"end":{"line":97,"column":2679}},"13":{"start":{"line":101,"column":11},"end":{"line":101,"column":2768}},"14":{"start":{"line":112,"column":4},"end":{"line":112,"column":49}},"15":{"start":{"line":113,"column":4},"end":{"line":113,"column":76}},"16":{"start":{"line":118,"column":4},"end":{"line":118,"column":57}},"17":{"start":{"line":129,"column":4},"end":{"line":129,"column":47}},"18":{"start":{"line":130,"column":4},"end":{"line":130,"column":47}},"19":{"start":{"line":132,"column":4},"end":{"line":132,"column":72}},"20":{"start":{"line":141,"column":4},"end":{"line":141,"column":38}},"21":{"start":{"line":142,"column":4},"end":{"line":142,"column":61}},"22":{"start":{"line":144,"column":4},"end":{"line":144,"column":44}},"23":{"start":{"line":145,"column":4},"end":{"line":145,"column":52}},"24":{"start":{"line":146,"column":4},"end":{"line":146,"column":62}},"25":{"start":{"line":157,"column":4},"end":{"line":157,"column":38}},"26":{"start":{"line":160,"column":4},"end":{"line":160,"column":68}},"27":{"start":{"line":163,"column":4},"end":{"line":163,"column":41}},"28":{"start":{"line":170,"column":4},"end":{"line":170,"column":50}},"29":{"start":{"line":172,"column":4},"end":{"line":172,"column":64}},"30":{"start":{"line":181,"column":4},"end":{"line":181,"column":38}},"31":{"start":{"line":184,"column":4},"end":{"line":184,"column":68}},"32":{"start":{"line":187,"column":4},"end":{"line":187,"column":41}},"33":{"start":{"line":194,"column":4},"end":{"line":194,"column":50}},"34":{"start":{"line":196,"column":4},"end":{"line":196,"column":64}},"35":{"start":{"line":200,"column":4},"end":{"line":200,"column":5459}},"36":{"start":{"line":201,"column":8},"end":{"line":201,"column":16}}},"branchMap":{"1":{"line":49,"type":"if","locations":[{"start":{"line":49,"column":8},"end":{"line":49,"column":8}},{"start":{"line":49,"column":8},"end":{"line":49,"column":8}}]},"2":{"line":50,"type":"if","locations":[{"start":{"line":50,"column":8},"end":{"line":50,"column":8}},{"start":{"line":50,"column":8},"end":{"line":50,"column":8}}]},"3":{"line":58,"type":"if","locations":[{"start":{"line":58,"column":4},"end":{"line":58,"column":4}},{"start":{"line":58,"column":4},"end":{"line":58,"column":4}}]},"4":{"line":61,"type":"if","locations":[{"start":{"line":61,"column":4},"end":{"line":61,"column":4}},{"start":{"line":61,"column":4},"end":{"line":61,"column":4}}]},"5":{"line":67,"type":"if","locations":[{"start":{"line":67,"column":4},"end":{"line":67,"column":4}},{"start":{"line":67,"column":4},"end":{"line":67,"column":4}}]},"6":{"line":72,"type":"if","locations":[{"start":{"line":72,"column":8},"end":{"line":72,"column":8}},{"start":{"line":72,"column":8},"end":{"line":72,"column":8}}]},"7":{"line":79,"type":"if","locations":[{"start":{"line":79,"column":4},"end":{"line":79,"column":4}},{"start":{"line":79,"column":4},"end":{"line":79,"column":4}}]},"8":{"line":94,"type":"if","locations":[{"start":{"line":94,"column":4},"end":{"line":94,"column":4}},{"start":{"line":94,"column":4},"end":{"line":94,"column":4}}]},"9":{"line":101,"type":"if","locations":[{"start":{"line":101,"column":11},"end":{"line":101,"column":11}},{"start":{"line":101,"column":11},"end":{"line":101,"column":11}}]},"10":{"line":109,"type":"if","locations":[{"start":{"line":109,"column":4},"end":{"line":109,"column":4}},{"start":{"line":109,"column":4},"end":{"line":109,"column":4}}]},"11":{"line":112,"type":"if","locations":[{"start":{"line":112,"column":4},"end":{"line":112,"column":4}},{"start":{"line":112,"column":4},"end":{"line":112,"column":4}}]},"12":{"line":113,"type":"if","locations":[{"start":{"line":113,"column":4},"end":{"line":113,"column":4}},{"start":{"line":113,"column":4},"end":{"line":113,"column":4}}]},"13":{"line":118,"type":"if","locations":[{"start":{"line":118,"column":4},"end":{"line":118,"column":4}},{"start":{"line":118,"column":4},"end":{"line":118,"column":4}}]},"14":{"line":141,"type":"if","locations":[{"start":{"line":141,"column":4},"end":{"line":141,"column":4}},{"start":{"line":141,"column":4},"end":{"line":141,"column":4}}]},"15":{"line":142,"type":"if","locations":[{"start":{"line":142,"column":4},"end":{"line":142,"column":4}},{"start":{"line":142,"column":4},"end":{"line":142,"column":4}}]},"16":{"line":154,"type":"if","locations":[{"start":{"line":154,"column":4},"end":{"line":154,"column":4}},{"start":{"line":154,"column":4},"end":{"line":154,"column":4}}]},"17":{"line":157,"type":"if","locations":[{"start":{"line":157,"column":4},"end":{"line":157,"column":4}},{"start":{"line":157,"column":4},"end":{"line":157,"column":4}}]},"18":{"line":163,"type":"if","locations":[{"start":{"line":163,"column":4},"end":{"line":163,"column":4}},{"start":{"line":163,"column":4},"end":{"line":163,"column":4}}]},"19":{"line":178,"type":"if","locations":[{"start":{"line":178,"column":4},"end":{"line":178,"column":4}},{"start":{"line":178,"column":4},"end":{"line":178,"column":4}}]},"20":{"line":181,"type":"if","locations":[{"start":{"line":181,"column":4},"end":{"line":181,"column":4}},{"start":{"line":181,"column":4},"end":{"line":181,"column":4}}]},"21":{"line":187,"type":"if","locations":[{"start":{"line":187,"column":4},"end":{"line":187,"column":4}},{"start":{"line":187,"column":4},"end":{"line":187,"column":4}}]},"22":{"line":200,"type":"if","locations":[{"start":{"line":200,"column":4},"end":{"line":200,"column":4}},{"start":{"line":200,"column":4},"end":{"line":200,"column":4}}]},"23":{"line":200,"type":"cond-expr","locations":[{"start":{"line":200,"column":8},"end":{"line":200,"column":20}},{"start":{"line":200,"column":25},"end":{"line":200,"column":37}}]}}},"contracts\\MockERC20.sol":{"l":{"10":150,"15":0},"path":"D:\\prtnr\\dex-amm\\contracts\\MockERC20.sol","s":{"1":150,"2":0},"b":{},"f":{"1":150,"2":0},"fnMap":{"1":{"name":"constructor","line":8,"loc":{"start":{"line":7,"column":4},"end":{"line":11,"column":4}}},"2":{"name":"mint","line":14,"loc":{"start":{"line":14,"column":4},"end":{"line":16,"column":4}}}},"statementMap":{"1":{"start":{"line":10,"column":8},"end":{"line":10,"column":54}},"2":{"start":{"line":15,"column":8},"end":{"line":15,"column":24}}},"branchMap":{}}}